<?xml version="1.0" encoding="UTF-8"?>
<!-- Generated by org.testng.reporters.JUnitReportReporter -->
<testsuite skipped="0" hostname="DESKTOP-8E5IA3I" name="test.AddCustomerTest" tests="1" failures="0" timestamp="2021-03-20T01:00:48 CDT" time="27.021" errors="0">
  <testcase name="validUserShouldBeAbleToAddCustomer" time="27.021" classname="test.AddCustomerTest"/>
  <system-out/>
</testsuite> <!-- test.AddCustomerTest -->
