<?xml version="1.0" encoding="UTF-8"?>
<!-- Generated by org.testng.reporters.JUnitReportReporter -->
<testsuite skipped="0" hostname="DESKTOP-8E5IA3I" name="test.LoginTest" tests="1" failures="0" timestamp="2021-03-18T01:02:14 CDT" time="9.837" errors="0">
  <testcase name="validUserShouldBeAbleToLogin" time="9.837" classname="test.LoginTest"/>
  <system-out/>
</testsuite> <!-- test.LoginTest -->
